#
# There is insufficient memory for the Java Runtime Environment to continue.
# Native memory allocation (mmap) failed to map 65536 bytes. Error detail: Failed to commit metaspace.
# Possible reasons:
#   The system is out of physical RAM or swap space
#   This process is running with CompressedOops enabled, and the Java Heap may be blocking the growth of the native heap
# Possible solutions:
#   Reduce memory load on the system
#   Increase physical memory or swap space
#   Check if swap backing store is full
#   Decrease Java heap size (-Xmx/-Xms)
#   Decrease number of Java threads
#   Decrease Java thread stack sizes (-Xss)
#   Set larger code cache with -XX:ReservedCodeCacheSize=
#   JVM is running with Unscaled Compressed Oops mode in which the Java heap is
#     placed in the first 4GB address space. The Java Heap base address is the
#     maximum limit for the native heap growth. Please use -XX:HeapBaseMinAddress
#     to set the Java Heap base and to place the Java Heap above 4GB virtual address.
# This output file may be truncated or incomplete.
#
#  Out of Memory Error (virtualSpaceNode.cpp:113), pid=12488, tid=24232
#
# JRE version: OpenJDK Runtime Environment Temurin-21.0.9+10 (21.0.9+10) (build 21.0.9+10-LTS)
# Java VM: OpenJDK 64-Bit Server VM Temurin-21.0.9+10 (21.0.9+10-LTS, mixed mode, sharing, tiered, compressed oops, compressed class ptrs, parallel gc, windows-amd64)
# No core dump will be written. Minidumps are not enabled by default on client versions of Windows
#

---------------  S U M M A R Y ------------

Command Line: --add-modules=ALL-SYSTEM --add-opens=java.base/java.util=ALL-UNNAMED --add-opens=java.base/java.lang=ALL-UNNAMED --add-opens=java.base/sun.nio.fs=ALL-UNNAMED -Declipse.application=org.eclipse.jdt.ls.core.id1 -Dosgi.bundles.defaultStartLevel=4 -Declipse.product=org.eclipse.jdt.ls.core.product -Djava.import.generatesMetadataFilesAtProjectRoot=false -DDetectVMInstallationsJob.disabled=true -Dfile.encoding=utf8 -XX:+UseParallelGC -XX:GCTimeRatio=4 -XX:AdaptiveSizePolicyWeight=90 -Dsun.zip.disableMemoryMapping=true -Xmx2G -Xms100m -Xlog:disable -javaagent:c:\Users\Hp\.vscode\extensions\redhat.java-1.52.0-win32-x64\lombok\lombok-1.18.39-4050.jar -XX:+HeapDumpOnOutOfMemoryError -XX:HeapDumpPath=c:\Users\Hp\AppData\Roaming\Code\User\workspaceStorage\2ef7e8030a429bed2e20495fda182130\redhat.java -Daether.dependencyCollector.impl=bf c:\Users\Hp\.vscode\extensions\redhat.java-1.52.0-win32-x64\server\plugins\org.eclipse.equinox.launcher_1.7.100.v20251111-0406.jar -configuration c:\Users\Hp\AppData\Roaming\Code\User\globalStorage\redhat.java\1.52.0\config_win -data c:\Users\Hp\AppData\Roaming\Code\User\workspaceStorage\2ef7e8030a429bed2e20495fda182130\redhat.java\jdt_ws --pipe=\\.\pipe\lsp-111e096f282fc4150a4fee79fd9e0f13-sock

Host: AMD Ryzen 7 PRO 4750U with Radeon Graphics, 16 cores, 15G,  Windows 11 , 64 bit Build 26100 (10.0.26100.7705)
Time: Mon Feb  9 15:59:13 2026 South Africa Standard Time elapsed time: 5.227390 seconds (0d 0h 0m 5s)

---------------  T H R E A D  ---------------

Current thread (0x00000280dec255a0):  JavaThread "C1 CompilerThread1" daemon [_thread_in_vm, id=24232, stack(0x000000dfe3c00000,0x000000dfe3d00000) (1024K)]


Current CompileTask:
C1:5227 2271       3       java.lang.ref.ReferenceQueue::enqueue0 (98 bytes)

Stack: [0x000000dfe3c00000,0x000000dfe3d00000]
Native frames: (J=compiled Java code, j=interpreted, Vv=VM code, C=native code)
V  [jvm.dll+0x6d6e29]
V  [jvm.dll+0x8b4b76]
V  [jvm.dll+0x8b712e]
V  [jvm.dll+0x8b7813]
V  [jvm.dll+0x283d86]
V  [jvm.dll+0x8b08be]
V  [jvm.dll+0x678824]
V  [jvm.dll+0x67888a]
V  [jvm.dll+0x67b086]
V  [jvm.dll+0x67af52]
V  [jvm.dll+0x6791fe]
V  [jvm.dll+0x68a6ca]
V  [jvm.dll+0x683842]
V  [jvm.dll+0x1f6150]
V  [jvm.dll+0x1f6338]
V  [jvm.dll+0x169161]
V  [jvm.dll+0x168fa6]
V  [jvm.dll+0x160b70]
V  [jvm.dll+0x162e0d]
V  [jvm.dll+0x161416]
V  [jvm.dll+0x15b257]
V  [jvm.dll+0x16abd8]
V  [jvm.dll+0x156845]
V  [jvm.dll+0x156b92]
V  [jvm.dll+0x156e44]
V  [jvm.dll+0x15625c]
V  [jvm.dll+0x157fed]
V  [jvm.dll+0x25b29d]
V  [jvm.dll+0x25982a]
V  [jvm.dll+0x3f7ea6]
V  [jvm.dll+0x85e9ad]
V  [jvm.dll+0x6d565d]
C  [ucrtbase.dll+0x37b0]
C  [KERNEL32.DLL+0x2e8d7]
C  [ntdll.dll+0x8c40c]


---------------  P R O C E S S  ---------------

Threads class SMR info:
_java_thread_list=0x00000280e08d1c80, length=20, elements={
0x0000028085add860, 0x0000028085a8d480, 0x00000280deb07940, 0x00000280deb0b4f0,
0x00000280deb0c4f0, 0x00000280deb115f0, 0x00000280deb19820, 0x00000280deb2cc70,
0x00000280deb32270, 0x00000280dec255a0, 0x00000280dec48980, 0x00000280deb1a540,
0x00000280dedd8500, 0x00000280deb1b8f0, 0x00000280deb1bf80, 0x00000280deb19eb0,
0x00000280deb1c610, 0x00000280deb19190, 0x00000280e51a4f30, 0x00000280e51a55d0
}

Java Threads: ( => current thread )
  0x0000028085add860 JavaThread "main"                              [_thread_blocked, id=10208, stack(0x000000dfe3000000,0x000000dfe3100000) (1024K)]
  0x0000028085a8d480 JavaThread "Reference Handler"          daemon [_thread_blocked, id=13976, stack(0x000000dfe3400000,0x000000dfe3500000) (1024K)]
  0x00000280deb07940 JavaThread "Finalizer"                  daemon [_thread_blocked, id=476, stack(0x000000dfe3500000,0x000000dfe3600000) (1024K)]
  0x00000280deb0b4f0 JavaThread "Signal Dispatcher"          daemon [_thread_blocked, id=4612, stack(0x000000dfe3600000,0x000000dfe3700000) (1024K)]
  0x00000280deb0c4f0 JavaThread "Attach Listener"            daemon [_thread_blocked, id=9020, stack(0x000000dfe3700000,0x000000dfe3800000) (1024K)]
  0x00000280deb115f0 JavaThread "Service Thread"             daemon [_thread_blocked, id=16496, stack(0x000000dfe3800000,0x000000dfe3900000) (1024K)]
  0x00000280deb19820 JavaThread "Monitor Deflation Thread"   daemon [_thread_blocked, id=7476, stack(0x000000dfe3900000,0x000000dfe3a00000) (1024K)]
  0x00000280deb2cc70 JavaThread "C2 CompilerThread0"         daemon [_thread_blocked, id=4664, stack(0x000000dfe3a00000,0x000000dfe3b00000) (1024K)]
  0x00000280deb32270 JavaThread "C1 CompilerThread0"         daemon [_thread_in_vm, id=8716, stack(0x000000dfe3b00000,0x000000dfe3c00000) (1024K)]
=>0x00000280dec255a0 JavaThread "C1 CompilerThread1"         daemon [_thread_in_vm, id=24232, stack(0x000000dfe3c00000,0x000000dfe3d00000) (1024K)]
  0x00000280dec48980 JavaThread "C1 CompilerThread2"         daemon [_thread_in_vm, id=22560, stack(0x000000dfe3d00000,0x000000dfe3e00000) (1024K)]
  0x00000280deb1a540 JavaThread "Common-Cleaner"             daemon [_thread_blocked, id=14288, stack(0x000000dfe3f00000,0x000000dfe4000000) (1024K)]
  0x00000280dedd8500 JavaThread "C1 CompilerThread3"         daemon [_thread_in_vm, id=18668, stack(0x000000dfe4000000,0x000000dfe4100000) (1024K)]
  0x00000280deb1b8f0 JavaThread "Notification Thread"        daemon [_thread_blocked, id=20108, stack(0x000000dfe3e00000,0x000000dfe3f00000) (1024K)]
  0x00000280deb1bf80 JavaThread "Active Thread: Equinox Container: 73ba4a7a-902f-48df-89f2-664ec42730f8"        [_thread_blocked, id=17764, stack(0x000000dfe4200000,0x000000dfe4300000) (1024K)]
  0x00000280deb19eb0 JavaThread "Refresh Thread: Equinox Container: 73ba4a7a-902f-48df-89f2-664ec42730f8" daemon [_thread_blocked, id=16252, stack(0x000000dfe4a00000,0x000000dfe4b00000) (1024K)]
  0x00000280deb1c610 JavaThread "Framework Event Dispatcher: Equinox Container: 73ba4a7a-902f-48df-89f2-664ec42730f8" daemon [_thread_blocked, id=22100, stack(0x000000dfe4b00000,0x000000dfe4c00000) (1024K)]
  0x00000280deb19190 JavaThread "Start Level: Equinox Container: 73ba4a7a-902f-48df-89f2-664ec42730f8" daemon [_thread_in_Java, id=4192, stack(0x000000dfe4100000,0x000000dfe4200000) (1024K)]
  0x00000280e51a4f30 JavaThread "C2 CompilerThread1"         daemon [_thread_in_native, id=22740, stack(0x000000dfe4c00000,0x000000dfe4d00000) (1024K)]
  0x00000280e51a55d0 JavaThread "C2 CompilerThread2"         daemon [_thread_blocked, id=11916, stack(0x000000dfe4d00000,0x000000dfe4e00000) (1024K)]
Total: 20

Other Threads:
  0x00000280deb03540 VMThread "VM Thread"                           [id=3224, stack(0x000000dfe3300000,0x000000dfe3400000) (1024K)]
  0x000002808596ca00 WatcherThread "VM Periodic Task Thread"        [id=24804, stack(0x000000dfe3200000,0x000000dfe3300000) (1024K)]
  0x0000028085afcbe0 WorkerThread "GC Thread#0"                     [id=6036, stack(0x000000dfe3100000,0x000000dfe3200000) (1024K)]
  0x00000280e0287660 WorkerThread "GC Thread#1"                     [id=23540, stack(0x000000dfe4300000,0x000000dfe4400000) (1024K)]
  0x00000280e0781d20 WorkerThread "GC Thread#2"                     [id=444, stack(0x000000dfe4400000,0x000000dfe4500000) (1024K)]
  0x00000280e07820c0 WorkerThread "GC Thread#3"                     [id=9240, stack(0x000000dfe4500000,0x000000dfe4600000) (1024K)]
  0x00000280e0930a00 WorkerThread "GC Thread#4"                     [id=20816, stack(0x000000dfe4600000,0x000000dfe4700000) (1024K)]
  0x00000280e0930da0 WorkerThread "GC Thread#5"                     [id=20384, stack(0x000000dfe4700000,0x000000dfe4800000) (1024K)]
  0x00000280e0931140 WorkerThread "GC Thread#6"                     [id=13540, stack(0x000000dfe4800000,0x000000dfe4900000) (1024K)]
  0x00000280e50d8960 WorkerThread "GC Thread#7"                     [id=12436, stack(0x000000dfe4900000,0x000000dfe4a00000) (1024K)]
  0x00000280e50d7740 WorkerThread "GC Thread#8"                     [id=20468, stack(0x000000dfe4e00000,0x000000dfe4f00000) (1024K)]
  0x00000280e50d73a0 WorkerThread "GC Thread#9"                     [id=23804, stack(0x000000dfe4f00000,0x000000dfe5000000) (1024K)]
  0x00000280e50d8220 WorkerThread "GC Thread#10"                    [id=15468, stack(0x000000dfe5000000,0x000000dfe5100000) (1024K)]
Total: 13

Threads with active compile tasks:
C1 CompilerThread0  5315 2278       3       java.util.ArrayList$SubList::size (9 bytes)
C1 CompilerThread1  5316 2271       3       java.lang.ref.ReferenceQueue::enqueue0 (98 bytes)
C1 CompilerThread2  5316 2283       3       java.nio.charset.CoderResult::isUnderflow (13 bytes)
C1 CompilerThread3  5316 2277       3       java.util.Collection::stream (11 bytes)
C2 CompilerThread1  5316 2249 %     4       org.eclipse.osgi.util.ManifestElement::readLine @ 0 (122 bytes)
Total: 5

VM state: not at safepoint (normal execution)

VM Mutex/Monitor currently owned by a thread:  ([mutex/lock_event])
[0x00007fff0c3ab4f0] Metaspace_lock - owner thread: 0x00000280dec255a0

Heap address: 0x0000000080000000, size: 2048 MB, Compressed Oops mode: 32-bit

CDS archive(s) mapped at: [0x000002809d000000-0x000002809dba0000-0x000002809dba0000), size 12189696, SharedBaseAddress: 0x000002809d000000, ArchiveRelocationMode: 1.
Compressed class space mapped at: 0x000002809e000000-0x00000280de000000, reserved size: 1073741824
Narrow klass base: 0x000002809d000000, Narrow klass shift: 0, Narrow klass range: 0x100000000

GC Precious Log:
 CardTable entry size: 512
 CPUs: 16 total, 16 available
 Memory: 15697M
 Large Page Support: Disabled
 NUMA Support: Disabled
 Compressed Oops: Enabled (32-bit)
 Alignments: Space 512K, Generation 512K, Heap 2M
 Heap Min Capacity: 100M
 Heap Initial Capacity: 100M
 Heap Max Capacity: 2G
 Pre-touch: Disabled
 Parallel Workers: 13

Heap:
 PSYoungGen      total 29696K, used 6150K [0x00000000d5580000, 0x00000000d7680000, 0x0000000100000000)
  eden space 25600K, 8% used [0x00000000d5580000,0x00000000d5784370,0x00000000d6e80000)
  from space 4096K, 99% used [0x00000000d6e80000,0x00000000d727d4f8,0x00000000d7280000)
  to   space 4096K, 0% used [0x00000000d7280000,0x00000000d7280000,0x00000000d7680000)
 ParOldGen       total 68608K, used 4246K [0x0000000080000000, 0x0000000084300000, 0x00000000d5580000)
  object space 68608K, 6% used [0x0000000080000000,0x00000000804259c8,0x0000000084300000)
 Metaspace       used 9461K, committed 9792K, reserved 1114112K
  class space    used 1004K, committed 1152K, reserved 1048576K

Card table byte_map: [0x0000028085480000,0x0000028085890000] _byte_map_base: 0x0000028085080000

Marking Bits: (ParMarkBitMap*) 0x00007fff0c3b2460
 Begin Bits: [0x0000028097f90000, 0x0000028099f90000)
 End Bits:   [0x0000028099f90000, 0x000002809bf90000)

Polling page: 0x00000280836d0000

Metaspace:

Usage:
  Non-class:      8.26 MB used.
      Class:   1004.53 KB used.
       Both:      9.24 MB used.

Virtual space:
  Non-class space:       64.00 MB reserved,       8.44 MB ( 13%) committed,  1 nodes.
      Class space:        1.00 GB reserved,       1.12 MB ( <1%) committed,  1 nodes.
             Both:        1.06 GB reserved,       9.56 MB ( <1%) committed. 

Chunk freelists:
   Non-Class:  6.67 MB
       Class:  14.79 MB
        Both:  21.46 MB

MaxMetaspaceSize: unlimited
CompressedClassSpaceSize: 1.00 GB
Initial GC threshold: 21.00 MB
Current GC threshold: 21.00 MB
CDS: on
 - commit_granule_bytes: 65536.
 - commit_granule_words: 8192.
 - virtual_space_node_default_size: 8388608.
 - enlarge_chunks_in_place: 1.
 - use_allocation_guard: 0.


Internal statistics:

num_allocs_failed_limit: 0.
num_arena_births: 256.
num_arena_deaths: 0.
num_vsnodes_births: 2.
num_vsnodes_deaths: 0.
num_space_committed: 153.
num_space_uncommitted: 0.
num_chunks_returned_to_freelist: 0.
num_chunks_taken_from_freelist: 510.
num_chunk_merges: 0.
num_chunk_splits: 324.
num_chunks_enlarged: 211.
num_inconsistent_stats: 0.

CodeHeap 'non-profiled nmethods': size=119168Kb used=977Kb max_used=977Kb free=118190Kb
 bounds [0x0000028090880000, 0x0000028090af0000, 0x0000028097ce0000]
CodeHeap 'profiled nmethods': size=119104Kb used=4321Kb max_used=4321Kb free=114782Kb
 bounds [0x0000028088ce0000, 0x0000028089120000, 0x0000028090130000]
CodeHeap 'non-nmethods': size=7488Kb used=2919Kb max_used=2956Kb free=4568Kb
 bounds [0x0000028090130000, 0x0000028090420000, 0x0000028090880000]
CodeCache: size=245760Kb, used=8217Kb, max_used=8254Kb, free=237540Kb
 total_blobs=2776, nmethods=2280, adapters=399, full_count=0
Compilation: enabled, stopped_count=0, restarted_count=0

Compilation events (20 events):
Event: 5.188 Thread 0x00000280dec48980 2264       3       java.util.zip.ZipFile$Source::getMetaVersion (221 bytes)
Event: 5.190 Thread 0x00000280e51a55d0 2262       4       java.util.concurrent.ConcurrentHashMap$Node::<init> (20 bytes)
Event: 5.190 Thread 0x00000280dec48980 nmethod 2264 0x0000028089110510 code [0x0000028089110700, 0x0000028089110df0]
Event: 5.190 Thread 0x00000280dedd8500 nmethod 2263 0x0000028089111010 code [0x00000280891111e0, 0x00000280891117e8]
Event: 5.191 Thread 0x00000280e51a55d0 nmethod 2262 0x000002809096f890 code [0x000002809096fa20, 0x000002809096fae0]
Event: 5.196 Thread 0x00000280deb2cc70 nmethod 2261 0x000002809096fb90 code [0x000002809096fd60, 0x0000028090970110]
Event: 5.210 Thread 0x00000280deb32270 2266       3       java.nio.Buffer::position (52 bytes)
Event: 5.210 Thread 0x00000280dedd8500 2267       3       java.nio.Buffer::hasRemaining (17 bytes)
Event: 5.210 Thread 0x00000280dec48980 2268       3       java.util.concurrent.ConcurrentHashMap$BaseIterator::<init> (21 bytes)
Event: 5.210 Thread 0x00000280dedd8500 nmethod 2267 0x0000028089111a10 code [0x0000028089111ba0, 0x0000028089111d08]
Event: 5.210 Thread 0x00000280dec255a0 2269       3       java.util.concurrent.ConcurrentHashMap$Traverser::<init> (36 bytes)
Event: 5.210 Thread 0x00000280deb32270 nmethod 2266 0x0000028089111d90 code [0x0000028089111f40, 0x0000028089112198]
Event: 5.222 Thread 0x00000280dec48980 nmethod 2268 0x0000028089112290 code [0x0000028089112440, 0x00000280891125e0]
Event: 5.222 Thread 0x00000280deb32270 2270       3       java.lang.ref.Reference::enqueueFromPending (19 bytes)
Event: 5.222 Thread 0x00000280dec255a0 nmethod 2269 0x0000028089112690 code [0x0000028089112840, 0x00000280891129e8]
Event: 5.222 Thread 0x00000280dec255a0 2271       3       java.lang.ref.ReferenceQueue::enqueue0 (98 bytes)
Event: 5.222 Thread 0x00000280dedd8500 2272   !   3       java.lang.ref.NativeReferenceQueue::enqueue (20 bytes)
Event: 5.222 Thread 0x00000280dec48980 2273       3       java.lang.ref.NativeReferenceQueue::signal (8 bytes)
Event: 5.223 Thread 0x00000280deb32270 nmethod 2270 0x0000028089112a90 code [0x0000028089112c40, 0x0000028089112e58]
Event: 5.223 Thread 0x00000280dec48980 nmethod 2273 0x0000028089112f10 code [0x00000280891130c0, 0x0000028089113200]

GC Heap History (6 events):
Event: 1.768 GC heap before
{Heap before GC invocations=1 (full 0):
 PSYoungGen      total 29696K, used 25600K [0x00000000d5580000, 0x00000000d7680000, 0x0000000100000000)
  eden space 25600K, 100% used [0x00000000d5580000,0x00000000d6e80000,0x00000000d6e80000)
  from space 4096K, 0% used [0x00000000d7280000,0x00000000d7280000,0x00000000d7680000)
  to   space 4096K, 0% used [0x00000000d6e80000,0x00000000d6e80000,0x00000000d7280000)
 ParOldGen       total 68608K, used 0K [0x0000000080000000, 0x0000000084300000, 0x00000000d5580000)
  object space 68608K, 0% used [0x0000000080000000,0x0000000080000000,0x0000000084300000)
 Metaspace       used 4139K, committed 4416K, reserved 1114112K
  class space    used 452K, committed 576K, reserved 1048576K
}
Event: 1.781 GC heap after
{Heap after GC invocations=1 (full 0):
 PSYoungGen      total 29696K, used 3659K [0x00000000d5580000, 0x00000000d7680000, 0x0000000100000000)
  eden space 25600K, 0% used [0x00000000d5580000,0x00000000d5580000,0x00000000d6e80000)
  from space 4096K, 89% used [0x00000000d6e80000,0x00000000d7212ff0,0x00000000d7280000)
  to   space 4096K, 0% used [0x00000000d7280000,0x00000000d7280000,0x00000000d7680000)
 ParOldGen       total 68608K, used 16K [0x0000000080000000, 0x0000000084300000, 0x00000000d5580000)
  object space 68608K, 0% used [0x0000000080000000,0x0000000080004000,0x0000000084300000)
 Metaspace       used 4139K, committed 4416K, reserved 1114112K
  class space    used 452K, committed 576K, reserved 1048576K
}
Event: 3.599 GC heap before
{Heap before GC invocations=2 (full 0):
 PSYoungGen      total 29696K, used 29259K [0x00000000d5580000, 0x00000000d7680000, 0x0000000100000000)
  eden space 25600K, 100% used [0x00000000d5580000,0x00000000d6e80000,0x00000000d6e80000)
  from space 4096K, 89% used [0x00000000d6e80000,0x00000000d7212ff0,0x00000000d7280000)
  to   space 4096K, 0% used [0x00000000d7280000,0x00000000d7280000,0x00000000d7680000)
 ParOldGen       total 68608K, used 16K [0x0000000080000000, 0x0000000084300000, 0x00000000d5580000)
  object space 68608K, 0% used [0x0000000080000000,0x0000000080004000,0x0000000084300000)
 Metaspace       used 7833K, committed 8128K, reserved 1114112K
  class space    used 809K, committed 960K, reserved 1048576K
}
Event: 3.613 GC heap after
{Heap after GC invocations=2 (full 0):
 PSYoungGen      total 29696K, used 4086K [0x00000000d5580000, 0x00000000d7680000, 0x0000000100000000)
  eden space 25600K, 0% used [0x00000000d5580000,0x00000000d5580000,0x00000000d6e80000)
  from space 4096K, 99% used [0x00000000d7280000,0x00000000d767d810,0x00000000d7680000)
  to   space 4096K, 0% used [0x00000000d6e80000,0x00000000d6e80000,0x00000000d7280000)
 ParOldGen       total 68608K, used 1873K [0x0000000080000000, 0x0000000084300000, 0x00000000d5580000)
  object space 68608K, 2% used [0x0000000080000000,0x00000000801d46a8,0x0000000084300000)
 Metaspace       used 7833K, committed 8128K, reserved 1114112K
  class space    used 809K, committed 960K, reserved 1048576K
}
Event: 5.211 GC heap before
{Heap before GC invocations=3 (full 0):
 PSYoungGen      total 29696K, used 29686K [0x00000000d5580000, 0x00000000d7680000, 0x0000000100000000)
  eden space 25600K, 100% used [0x00000000d5580000,0x00000000d6e80000,0x00000000d6e80000)
  from space 4096K, 99% used [0x00000000d7280000,0x00000000d767d810,0x00000000d7680000)
  to   space 4096K, 0% used [0x00000000d6e80000,0x00000000d6e80000,0x00000000d7280000)
 ParOldGen       total 68608K, used 1873K [0x0000000080000000, 0x0000000084300000, 0x00000000d5580000)
  object space 68608K, 2% used [0x0000000080000000,0x00000000801d46a8,0x0000000084300000)
 Metaspace       used 9458K, committed 9792K, reserved 1114112K
  class space    used 1004K, committed 1152K, reserved 1048576K
}
Event: 5.222 GC heap after
{Heap after GC invocations=3 (full 0):
 PSYoungGen      total 29696K, used 4085K [0x00000000d5580000, 0x00000000d7680000, 0x0000000100000000)
  eden space 25600K, 0% used [0x00000000d5580000,0x00000000d5580000,0x00000000d6e80000)
  from space 4096K, 99% used [0x00000000d6e80000,0x00000000d727d4f8,0x00000000d7280000)
  to   space 4096K, 0% used [0x00000000d7280000,0x00000000d7280000,0x00000000d7680000)
 ParOldGen       total 68608K, used 4246K [0x0000000080000000, 0x0000000084300000, 0x00000000d5580000)
  object space 68608K, 6% used [0x0000000080000000,0x00000000804259c8,0x0000000084300000)
 Metaspace       used 9458K, committed 9792K, reserved 1114112K
  class space    used 1004K, committed 1152K, reserved 1048576K
}

Dll operation events (9 events):
Event: 0.029 Loaded shared library c:\Users\Hp\.vscode\extensions\redhat.java-1.52.0-win32-x64\jre\21.0.9-win32-x86_64\bin\java.dll
Event: 0.180 Loaded shared library c:\Users\Hp\.vscode\extensions\redhat.java-1.52.0-win32-x64\jre\21.0.9-win32-x86_64\bin\zip.dll
Event: 0.232 Loaded shared library C:\Users\Hp\.vscode\extensions\redhat.java-1.52.0-win32-x64\jre\21.0.9-win32-x86_64\bin\instrument.dll
Event: 0.243 Loaded shared library C:\Users\Hp\.vscode\extensions\redhat.java-1.52.0-win32-x64\jre\21.0.9-win32-x86_64\bin\net.dll
Event: 0.248 Loaded shared library C:\Users\Hp\.vscode\extensions\redhat.java-1.52.0-win32-x64\jre\21.0.9-win32-x86_64\bin\nio.dll
Event: 0.257 Loaded shared library C:\Users\Hp\.vscode\extensions\redhat.java-1.52.0-win32-x64\jre\21.0.9-win32-x86_64\bin\zip.dll
Event: 0.304 Loaded shared library C:\Users\Hp\.vscode\extensions\redhat.java-1.52.0-win32-x64\jre\21.0.9-win32-x86_64\bin\jimage.dll
Event: 0.524 Loaded shared library c:\Users\Hp\.vscode\extensions\redhat.java-1.52.0-win32-x64\jre\21.0.9-win32-x86_64\bin\verify.dll
Event: 3.969 Loaded shared library C:\Users\Hp\AppData\Roaming\Code\User\globalStorage\redhat.java\1.52.0\config_win\org.eclipse.equinox.launcher\org.eclipse.equinox.launcher.win32.win32.x86_64_1.2.1500.v20260121-1430\eclipse_11919.dll

Deoptimization events (20 events):
Event: 5.160 Thread 0x00000280deb19190 Uncommon trap: trap_request=0xffffff45 fr.pc=0x0000028090959858 relative=0x0000000000000698
Event: 5.160 Thread 0x00000280deb19190 Uncommon trap: reason=unstable_if action=reinterpret pc=0x0000028090959858 method=java.util.regex.Matcher.search(I)Z @ 30 c2
Event: 5.161 Thread 0x00000280deb19190 DEOPT PACKING pc=0x0000028090959858 sp=0x000000dfe41fda10
Event: 5.161 Thread 0x00000280deb19190 DEOPT UNPACKING pc=0x0000028090183aa2 sp=0x000000dfe41fd9f0 mode 2
Event: 5.161 Thread 0x00000280deb19190 Uncommon trap: trap_request=0xffffffde fr.pc=0x000002809095a664 relative=0x0000000000000304
Event: 5.161 Thread 0x00000280deb19190 Uncommon trap: reason=class_check action=maybe_recompile pc=0x000002809095a664 method=java.util.regex.Pattern$BmpCharPropertyGreedy.match(Ljava/util/regex/Matcher;ILjava/lang/CharSequence;)Z @ 26 c2
Event: 5.161 Thread 0x00000280deb19190 DEOPT PACKING pc=0x000002809095a664 sp=0x000000dfe41fd6f0
Event: 5.161 Thread 0x00000280deb19190 DEOPT UNPACKING pc=0x0000028090183aa2 sp=0x000000dfe41fd6a8 mode 2
Event: 5.161 Thread 0x00000280deb19190 Uncommon trap: trap_request=0xffffffde fr.pc=0x000002809095a664 relative=0x0000000000000304
Event: 5.161 Thread 0x00000280deb19190 Uncommon trap: reason=class_check action=maybe_recompile pc=0x000002809095a664 method=java.util.regex.Pattern$BmpCharPropertyGreedy.match(Ljava/util/regex/Matcher;ILjava/lang/CharSequence;)Z @ 26 c2
Event: 5.161 Thread 0x00000280deb19190 DEOPT PACKING pc=0x000002809095a664 sp=0x000000dfe41fd5f0
Event: 5.161 Thread 0x00000280deb19190 DEOPT UNPACKING pc=0x0000028090183aa2 sp=0x000000dfe41fd588 mode 2
Event: 5.161 Thread 0x00000280deb19190 Uncommon trap: trap_request=0xffffffde fr.pc=0x000002809095a664 relative=0x0000000000000304
Event: 5.161 Thread 0x00000280deb19190 Uncommon trap: reason=class_check action=maybe_recompile pc=0x000002809095a664 method=java.util.regex.Pattern$BmpCharPropertyGreedy.match(Ljava/util/regex/Matcher;ILjava/lang/CharSequence;)Z @ 26 c2
Event: 5.161 Thread 0x00000280deb19190 DEOPT PACKING pc=0x000002809095a664 sp=0x000000dfe41fd6f0
Event: 5.161 Thread 0x00000280deb19190 DEOPT UNPACKING pc=0x0000028090183aa2 sp=0x000000dfe41fd6a8 mode 2
Event: 5.161 Thread 0x00000280deb19190 Uncommon trap: trap_request=0xffffffde fr.pc=0x000002809095a664 relative=0x0000000000000304
Event: 5.161 Thread 0x00000280deb19190 Uncommon trap: reason=class_check action=maybe_recompile pc=0x000002809095a664 method=java.util.regex.Pattern$BmpCharPropertyGreedy.match(Ljava/util/regex/Matcher;ILjava/lang/CharSequence;)Z @ 26 c2
Event: 5.161 Thread 0x00000280deb19190 DEOPT PACKING pc=0x000002809095a664 sp=0x000000dfe41fd5f0
Event: 5.161 Thread 0x00000280deb19190 DEOPT UNPACKING pc=0x0000028090183aa2 sp=0x000000dfe41fd588 mode 2

Classes loaded (20 events):
Event: 4.821 Loading class sun/util/logging/resources/logging_en
Event: 4.821 Loading class sun/util/logging/resources/logging_en done
Event: 4.821 Loading class sun/util/logging/resources/logging_en
Event: 4.821 Loading class sun/util/logging/resources/logging_en done
Event: 4.823 Loading class sun/util/logging/resources/logging_en_US
Event: 4.823 Loading class sun/util/logging/resources/logging_en_US done
Event: 4.823 Loading class sun/util/logging/resources/logging_en_US
Event: 4.823 Loading class sun/util/logging/resources/logging_en_US done
Event: 4.827 Loading class java/util/Formatter$DateTime
Event: 4.828 Loading class java/util/Formatter$DateTime done
Event: 4.828 Loading class java/util/Formatter$FixedString
Event: 4.828 Loading class java/util/Formatter$FixedString done
Event: 4.829 Loading class java/time/ZonedDateTime$1
Event: 4.829 Loading class java/time/ZonedDateTime$1 done
Event: 4.839 Loading class jdk/internal/module/ModulePatcher$PatchedModuleReader
Event: 4.839 Loading class jdk/internal/module/ModulePatcher$PatchedModuleReader done
Event: 4.856 Loading class sun/text/resources/cldr/FormatData_en
Event: 4.867 Loading class sun/text/resources/cldr/FormatData_en done
Event: 4.868 Loading class sun/text/resources/cldr/FormatData_en_US
Event: 4.868 Loading class sun/text/resources/cldr/FormatData_en_US done

Classes unloaded (0 events):
No events

Classes redefined (0 events):
No events

Internal exceptions (20 events):
Event: 2.401 Thread 0x0000028085add860 Implicit null exception at 0x00000280908e9649 to 0x00000280908ea114
Event: 2.401 Thread 0x0000028085add860 Implicit null exception at 0x00000280908e3c9a to 0x00000280908e3ea0
Event: 2.403 Thread 0x0000028085add860 Exception <a 'java/lang/NoSuchMethodError'{0x00000000d58b3088}: 'void java.lang.invoke.DirectMethodHandle$Holder.invokeStatic(java.lang.Object, java.lang.Object, java.lang.Object, java.lang.Object)'> (0x00000000d58b3088) 
thrown [s\src\hotspot\share\interpreter\linkResolver.cpp, line 773]
Event: 2.408 Thread 0x0000028085add860 Implicit null exception at 0x00000280908d9d9a to 0x00000280908d9fa4
Event: 2.409 Thread 0x0000028085add860 Implicit null exception at 0x00000280908da43d to 0x00000280908da4c1
Event: 2.578 Thread 0x0000028085add860 Exception <a 'java/lang/NoSuchMethodError'{0x00000000d5bdcdf0}: 'void java.lang.invoke.DirectMethodHandle$Holder.invokeSpecial(java.lang.Object, java.lang.Object, java.lang.Object)'> (0x00000000d5bdcdf0) 
thrown [s\src\hotspot\share\interpreter\linkResolver.cpp, line 773]
Event: 3.173 Thread 0x0000028085add860 Exception <a 'java/lang/NoSuchMethodError'{0x00000000d66831a0}: 'int java.lang.invoke.DirectMethodHandle$Holder.invokeVirtual(java.lang.Object, java.lang.Object)'> (0x00000000d66831a0) 
thrown [s\src\hotspot\share\interpreter\linkResolver.cpp, line 773]
Event: 3.295 Thread 0x0000028085add860 Exception <a 'java/lang/NoSuchMethodError'{0x00000000d67fb2d0}: 'int java.lang.invoke.DirectMethodHandle$Holder.invokeStaticInit(java.lang.Object, java.lang.Object, java.lang.Object, java.lang.Object)'> (0x00000000d67fb2d0) 
thrown [s\src\hotspot\share\interpreter\linkResolver.cpp, line 773]
Event: 3.299 Thread 0x0000028085add860 Exception <a 'java/lang/IncompatibleClassChangeError'{0x00000000d68036d8}: Found class java.lang.Object, but interface was expected> (0x00000000d68036d8) 
thrown [s\src\hotspot\share\interpreter\linkResolver.cpp, line 840]
Event: 3.300 Thread 0x0000028085add860 Exception <a 'java/lang/NoSuchMethodError'{0x00000000d6809c88}: 'void java.lang.invoke.DirectMethodHandle$Holder.invokeStaticInit(java.lang.Object, java.lang.Object)'> (0x00000000d6809c88) 
thrown [s\src\hotspot\share\interpreter\linkResolver.cpp, line 773]
Event: 3.303 Thread 0x0000028085add860 Exception <a 'java/lang/NoSuchMethodError'{0x00000000d6812e40}: 'int java.lang.invoke.DirectMethodHandle$Holder.invokeStaticInit(java.lang.Object, java.lang.Object)'> (0x00000000d6812e40) 
thrown [s\src\hotspot\share\interpreter\linkResolver.cpp, line 773]
Event: 3.409 Thread 0x0000028085add860 Exception <a 'java/lang/NoSuchMethodError'{0x00000000d6a65cf8}: 'java.lang.Object java.lang.invoke.DirectMethodHandle$Holder.newInvokeSpecial(java.lang.Object, int, java.lang.Object)'> (0x00000000d6a65cf8) 
thrown [s\src\hotspot\share\interpreter\linkResolver.cpp, line 773]
Event: 3.504 Thread 0x0000028085add860 Exception <a 'java/lang/ClassNotFoundException'{0x00000000d6c7f738}: sun/net/www/protocol/plurl/Handler> (0x00000000d6c7f738) 
thrown [s\src\hotspot\share\classfile\systemDictionary.cpp, line 312]
Event: 3.504 Thread 0x0000028085add860 Exception <a 'java/lang/ClassNotFoundException'{0x00000000d6c805b8}: sun/net/www/protocol/plurl/Handler> (0x00000000d6c805b8) 
thrown [s\src\hotspot\share\classfile\systemDictionary.cpp, line 312]
Event: 3.952 Thread 0x0000028085add860 Exception <a 'java/lang/UnsatisfiedLinkError'{0x00000000d5894a08}: 'void org.eclipse.equinox.launcher.JNIBridge._update_splash()'> (0x00000000d5894a08) 
thrown [s\src\hotspot\share\prims\nativeLookup.cpp, line 415]
Event: 4.044 Thread 0x00000280deb19eb0 Exception <a 'java/lang/NoSuchMethodError'{0x00000000d5b12c18}: 'void java.lang.invoke.DirectMethodHandle$Holder.invokeInterface(java.lang.Object, java.lang.Object, java.lang.Object)'> (0x00000000d5b12c18) 
thrown [s\src\hotspot\share\interpreter\linkResolver.cpp, line 773]
Event: 4.721 Thread 0x00000280deb19190 Exception <a 'java/lang/NoSuchMethodError'{0x00000000d5ef9cd0}: 'java.lang.Object java.lang.invoke.DirectMethodHandle$Holder.newInvokeSpecial(java.lang.Object, java.lang.Object, int, java.lang.Object)'> (0x00000000d5ef9cd0) 
thrown [s\src\hotspot\share\interpreter\linkResolver.cpp, line 773]
Event: 4.721 Thread 0x00000280deb19190 Exception <a 'java/lang/NoSuchMethodError'{0x00000000d5efdb00}: 'java.lang.Object java.lang.invoke.DirectMethodHandle$Holder.invokeSpecial(java.lang.Object, java.lang.Object, java.lang.Object, int, java.lang.Object)'> (0x00000000d5efdb00) 
thrown [s\src\hotspot\share\interpreter\linkResolver.cpp, line 773]
Event: 4.756 Thread 0x00000280deb19190 Exception <a 'java/lang/NoClassDefFoundError'{0x00000000d5fa5888}: jakarta/servlet/ServletContainerInitializer> (0x00000000d5fa5888) 
thrown [s\src\hotspot\share\classfile\systemDictionary.cpp, line 301]
Event: 4.818 Thread 0x00000280deb19190 Exception <a 'java/lang/ClassNotFoundException'{0x00000000d61019f0}: sun/util/logging/resources/spi/loggingProvider> (0x00000000d61019f0) 
thrown [s\src\hotspot\share\classfile\systemDictionary.cpp, line 312]

ZGC Phase Switch (0 events):
No events

VM Operations (20 events):
Event: 3.378 Executing VM operation: HandshakeAllThreads (Deoptimize)
Event: 3.378 Executing VM operation: HandshakeAllThreads (Deoptimize) done
Event: 3.473 Executing VM operation: HandshakeAllThreads (Deoptimize)
Event: 3.473 Executing VM operation: HandshakeAllThreads (Deoptimize) done
Event: 3.496 Executing VM operation: HandshakeAllThreads (Deoptimize)
Event: 3.496 Executing VM operation: HandshakeAllThreads (Deoptimize) done
Event: 3.599 Executing VM operation: ParallelGCFailedAllocation (Allocation Failure)
Event: 3.613 Executing VM operation: ParallelGCFailedAllocation (Allocation Failure) done
Event: 4.615 Executing VM operation: Cleanup
Event: 4.615 Executing VM operation: Cleanup done
Event: 4.793 Executing VM operation: HandshakeAllThreads (Deoptimize)
Event: 4.793 Executing VM operation: HandshakeAllThreads (Deoptimize) done
Event: 4.840 Executing VM operation: HandshakeAllThreads (Deoptimize)
Event: 4.840 Executing VM operation: HandshakeAllThreads (Deoptimize) done
Event: 4.877 Executing VM operation: HandshakeAllThreads (Deoptimize)
Event: 4.877 Executing VM operation: HandshakeAllThreads (Deoptimize) done
Event: 4.901 Executing VM operation: HandshakeAllThreads (Deoptimize)
Event: 4.901 Executing VM operation: HandshakeAllThreads (Deoptimize) done
Event: 5.210 Executing VM operation: ParallelGCFailedAllocation (Allocation Failure)
Event: 5.222 Executing VM operation: ParallelGCFailedAllocation (Allocation Failure) done

Memory protections (0 events):
No events

Nmethod flushes (0 events):
No events

Events (20 events):
Event: 0.236 Thread 0x0000028085add860 Thread added: 0x00000280deb1a540
Event: 0.326 Thread 0x00000280deb32270 Thread added: 0x00000280dedd8500
Event: 0.618 Thread 0x00000280dec7cbf0 Thread exited: 0x00000280dec7cbf0
Event: 0.820 Thread 0x0000028085add860 Thread added: 0x00000280deb1b8f0
Event: 0.965 Thread 0x00000280dec48980 Thread added: 0x00000280e0335be0
Event: 1.096 Thread 0x00000280dedd8500 Thread added: 0x00000280e024a790
Event: 2.311 Thread 0x00000280e024a790 Thread exited: 0x00000280e024a790
Event: 2.323 Thread 0x00000280e0335be0 Thread exited: 0x00000280e0335be0
Event: 2.568 Thread 0x00000280dedd8500 Thread added: 0x00000280e519c420
Event: 2.675 Thread 0x00000280deb2cc70 Thread added: 0x00000280e08ca8f0
Event: 3.297 Thread 0x00000280e08ca8f0 Thread exited: 0x00000280e08ca8f0
Event: 3.331 Thread 0x0000028085add860 Thread added: 0x00000280deb1bf80
Event: 3.546 Thread 0x00000280e519c420 Thread exited: 0x00000280e519c420
Event: 3.574 Thread 0x00000280dec48980 Thread added: 0x00000280e519c420
Event: 3.948 Thread 0x0000028085add860 Thread added: 0x00000280deb19eb0
Event: 4.050 Thread 0x00000280deb19eb0 Thread added: 0x00000280deb1c610
Event: 4.054 Thread 0x00000280e519c420 Thread exited: 0x00000280e519c420
Event: 4.057 Thread 0x0000028085add860 Thread added: 0x00000280deb19190
Event: 4.918 Thread 0x00000280deb32270 Thread added: 0x00000280e51a4f30
Event: 4.918 Thread 0x00000280deb32270 Thread added: 0x00000280e51a55d0


Dynamic libraries:
0x00007ff7f61b0000 - 0x00007ff7f61be000 	c:\Users\Hp\.vscode\extensions\redhat.java-1.52.0-win32-x64\jre\21.0.9-win32-x86_64\bin\java.exe
0x00007fffbf7e0000 - 0x00007fffbfa48000 	C:\WINDOWS\SYSTEM32\ntdll.dll
0x00007fffbe210000 - 0x00007fffbe2d9000 	C:\WINDOWS\System32\KERNEL32.DLL
0x00007fffbd050000 - 0x00007fffbd441000 	C:\WINDOWS\System32\KERNELBASE.dll
0x00007fffbc430000 - 0x00007fffbc57b000 	C:\WINDOWS\System32\ucrtbase.dll
0x00007fffb1500000 - 0x00007fffb1518000 	c:\Users\Hp\.vscode\extensions\redhat.java-1.52.0-win32-x64\jre\21.0.9-win32-x86_64\bin\jli.dll
0x00007fffb14e0000 - 0x00007fffb14fe000 	c:\Users\Hp\.vscode\extensions\redhat.java-1.52.0-win32-x64\jre\21.0.9-win32-x86_64\bin\VCRUNTIME140.dll
0x00007fffbe9e0000 - 0x00007fffbeba6000 	C:\WINDOWS\System32\USER32.dll
0x00007fffbd020000 - 0x00007fffbd047000 	C:\WINDOWS\System32\win32u.dll
0x00007fffbebf0000 - 0x00007fffbec1b000 	C:\WINDOWS\System32\GDI32.dll
0x00007fffa3cc0000 - 0x00007fffa3f53000 	C:\WINDOWS\WinSxS\amd64_microsoft.windows.common-controls_6595b64144ccf1df_6.0.26100.7705_none_3e06597ae3363b04\COMCTL32.dll
0x00007fffbd450000 - 0x00007fffbd57b000 	C:\WINDOWS\System32\gdi32full.dll
0x00007fffbe390000 - 0x00007fffbe439000 	C:\WINDOWS\System32\msvcrt.dll
0x00007fffbc700000 - 0x00007fffbc7a3000 	C:\WINDOWS\System32\msvcp_win.dll
0x00007fffbebb0000 - 0x00007fffbebe1000 	C:\WINDOWS\System32\IMM32.DLL
0x00007fffb2520000 - 0x00007fffb252c000 	c:\Users\Hp\.vscode\extensions\redhat.java-1.52.0-win32-x64\jre\21.0.9-win32-x86_64\bin\vcruntime140_1.dll
0x00007fff1c010000 - 0x00007fff1c09d000 	c:\Users\Hp\.vscode\extensions\redhat.java-1.52.0-win32-x64\jre\21.0.9-win32-x86_64\bin\msvcp140.dll
0x00007fff0b6f0000 - 0x00007fff0c490000 	c:\Users\Hp\.vscode\extensions\redhat.java-1.52.0-win32-x64\jre\21.0.9-win32-x86_64\bin\server\jvm.dll
0x00007fffbf350000 - 0x00007fffbf404000 	C:\WINDOWS\System32\ADVAPI32.dll
0x00007fffbe2e0000 - 0x00007fffbe386000 	C:\WINDOWS\System32\sechost.dll
0x00007fffbe550000 - 0x00007fffbe668000 	C:\WINDOWS\System32\RPCRT4.dll
0x00007fffbe4d0000 - 0x00007fffbe544000 	C:\WINDOWS\System32\WS2_32.dll
0x00007fffb57a0000 - 0x00007fffb57d5000 	C:\WINDOWS\SYSTEM32\WINMM.dll
0x00007fffb57e0000 - 0x00007fffb57eb000 	C:\WINDOWS\SYSTEM32\VERSION.dll
0x00007fffbbf20000 - 0x00007fffbbf7e000 	C:\WINDOWS\SYSTEM32\POWRPROF.dll
0x00007fffbbf00000 - 0x00007fffbbf14000 	C:\WINDOWS\SYSTEM32\UMPDC.dll
0x00007fffbae30000 - 0x00007fffbae4b000 	C:\WINDOWS\SYSTEM32\kernel.appcore.dll
0x00007fffb1cb0000 - 0x00007fffb1cba000 	c:\Users\Hp\.vscode\extensions\redhat.java-1.52.0-win32-x64\jre\21.0.9-win32-x86_64\bin\jimage.dll
0x00007fffba280000 - 0x00007fffba4c2000 	C:\WINDOWS\SYSTEM32\DBGHELP.DLL
0x00007fffbdd30000 - 0x00007fffbe0b6000 	C:\WINDOWS\System32\combase.dll
0x00007fffbe850000 - 0x00007fffbe927000 	C:\WINDOWS\System32\OLEAUT32.dll
0x00007fffa3390000 - 0x00007fffa33cb000 	C:\WINDOWS\SYSTEM32\dbgcore.DLL
0x00007fffbc2f0000 - 0x00007fffbc395000 	C:\WINDOWS\System32\bcryptPrimitives.dll
0x00007fffb1bc0000 - 0x00007fffb1bcf000 	c:\Users\Hp\.vscode\extensions\redhat.java-1.52.0-win32-x64\jre\21.0.9-win32-x86_64\bin\instrument.dll
0x00007fffa12a0000 - 0x00007fffa12c0000 	c:\Users\Hp\.vscode\extensions\redhat.java-1.52.0-win32-x64\jre\21.0.9-win32-x86_64\bin\java.dll
0x00007fffbd5d0000 - 0x00007fffbdd21000 	C:\WINDOWS\System32\SHELL32.dll
0x00007fffbc0c0000 - 0x00007fffbc22a000 	C:\WINDOWS\System32\wintypes.dll
0x00007fffbc7b0000 - 0x00007fffbd012000 	C:\WINDOWS\System32\windows.storage.dll
0x00007fffbf410000 - 0x00007fffbf506000 	C:\WINDOWS\System32\SHCORE.dll
0x00007fffbe180000 - 0x00007fffbe1e7000 	C:\WINDOWS\System32\shlwapi.dll
0x00007fffbbfe0000 - 0x00007fffbc009000 	C:\WINDOWS\SYSTEM32\profapi.dll
0x00007fffa1280000 - 0x00007fffa1298000 	c:\Users\Hp\.vscode\extensions\redhat.java-1.52.0-win32-x64\jre\21.0.9-win32-x86_64\bin\zip.dll
0x00007fffb14d0000 - 0x00007fffb14e0000 	C:\Users\Hp\.vscode\extensions\redhat.java-1.52.0-win32-x64\jre\21.0.9-win32-x86_64\bin\net.dll
0x00007fffb6540000 - 0x00007fffb6667000 	C:\WINDOWS\SYSTEM32\WINHTTP.dll
0x00007fffbb380000 - 0x00007fffbb3eb000 	C:\WINDOWS\system32\mswsock.dll
0x00007fff8d970000 - 0x00007fff8d986000 	C:\Users\Hp\.vscode\extensions\redhat.java-1.52.0-win32-x64\jre\21.0.9-win32-x86_64\bin\nio.dll
0x00007fffa1270000 - 0x00007fffa1280000 	c:\Users\Hp\.vscode\extensions\redhat.java-1.52.0-win32-x64\jre\21.0.9-win32-x86_64\bin\verify.dll
0x00007fff1bd90000 - 0x00007fff1bdd5000 	C:\Users\Hp\AppData\Roaming\Code\User\globalStorage\redhat.java\1.52.0\config_win\org.eclipse.equinox.launcher\org.eclipse.equinox.launcher.win32.win32.x86_64_1.2.1500.v20260121-1430\eclipse_11919.dll
0x00007fffbf1b0000 - 0x00007fffbf347000 	C:\WINDOWS\System32\ole32.dll

JVMTI agents:
c:\Users\Hp\.vscode\extensions\redhat.java-1.52.0-win32-x64\lombok\lombok-1.18.39-4050.jar path:c:\Users\Hp\.vscode\extensions\redhat.java-1.52.0-win32-x64\jre\21.0.9-win32-x86_64\bin\instrument.dll, loaded, initialized, instrumentlib options:none

dbghelp: loaded successfully - version: 4.0.5 - missing functions: none
symbol engine: initialized successfully - sym options: 0x614 - pdb path: .;c:\Users\Hp\.vscode\extensions\redhat.java-1.52.0-win32-x64\jre\21.0.9-win32-x86_64\bin;C:\WINDOWS\SYSTEM32;C:\WINDOWS\WinSxS\amd64_microsoft.windows.common-controls_6595b64144ccf1df_6.0.26100.7705_none_3e06597ae3363b04;c:\Users\Hp\.vscode\extensions\redhat.java-1.52.0-win32-x64\jre\21.0.9-win32-x86_64\bin\server;C:\Users\Hp\AppData\Roaming\Code\User\globalStorage\redhat.java\1.52.0\config_win\org.eclipse.equinox.launcher\org.eclipse.equinox.launcher.win32.win32.x86_64_1.2.1500.v20260121-1430

VM Arguments:
jvm_args: --add-modules=ALL-SYSTEM --add-opens=java.base/java.util=ALL-UNNAMED --add-opens=java.base/java.lang=ALL-UNNAMED --add-opens=java.base/sun.nio.fs=ALL-UNNAMED -Declipse.application=org.eclipse.jdt.ls.core.id1 -Dosgi.bundles.defaultStartLevel=4 -Declipse.product=org.eclipse.jdt.ls.core.product -Djava.import.generatesMetadataFilesAtProjectRoot=false -DDetectVMInstallationsJob.disabled=true -Dfile.encoding=utf8 -XX:+UseParallelGC -XX:GCTimeRatio=4 -XX:AdaptiveSizePolicyWeight=90 -Dsun.zip.disableMemoryMapping=true -Xmx2G -Xms100m -Xlog:disable -javaagent:c:\Users\Hp\.vscode\extensions\redhat.java-1.52.0-win32-x64\lombok\lombok-1.18.39-4050.jar -XX:+HeapDumpOnOutOfMemoryError -XX:HeapDumpPath=c:\Users\Hp\AppData\Roaming\Code\User\workspaceStorage\2ef7e8030a429bed2e20495fda182130\redhat.java -Daether.dependencyCollector.impl=bf 
java_command: c:\Users\Hp\.vscode\extensions\redhat.java-1.52.0-win32-x64\server\plugins\org.eclipse.equinox.launcher_1.7.100.v20251111-0406.jar -configuration c:\Users\Hp\AppData\Roaming\Code\User\globalStorage\redhat.java\1.52.0\config_win -data c:\Users\Hp\AppData\Roaming\Code\User\workspaceStorage\2ef7e8030a429bed2e20495fda182130\redhat.java\jdt_ws --pipe=\\.\pipe\lsp-111e096f282fc4150a4fee79fd9e0f13-sock
java_class_path (initial): c:\Users\Hp\.vscode\extensions\redhat.java-1.52.0-win32-x64\server\plugins\org.eclipse.equinox.launcher_1.7.100.v20251111-0406.jar
Launcher Type: SUN_STANDARD

[Global flags]
    uintx AdaptiveSizePolicyWeight                 = 90                                        {product} {command line}
     intx CICompilerCount                          = 12                                        {product} {ergonomic}
    uintx GCTimeRatio                              = 4                                         {product} {command line}
     bool HeapDumpOnOutOfMemoryError               = true                                   {manageable} {command line}
    ccstr HeapDumpPath                             = c:\Users\Hp\AppData\Roaming\Code\User\workspaceStorage\2ef7e8030a429bed2e20495fda182130\redhat.java         {manageable} {command line}
   size_t InitialHeapSize                          = 104857600                                 {product} {command line}
   size_t MaxHeapSize                              = 2147483648                                {product} {command line}
   size_t MaxNewSize                               = 715653120                                 {product} {ergonomic}
   size_t MinHeapDeltaBytes                        = 524288                                    {product} {ergonomic}
   size_t MinHeapSize                              = 104857600                                 {product} {command line}
   size_t NewSize                                  = 34603008                                  {product} {ergonomic}
    uintx NonNMethodCodeHeapSize                   = 7602480                                {pd product} {ergonomic}
    uintx NonProfiledCodeHeapSize                  = 122027880                              {pd product} {ergonomic}
   size_t OldSize                                  = 70254592                                  {product} {ergonomic}
    uintx ProfiledCodeHeapSize                     = 122027880                              {pd product} {ergonomic}
    uintx ReservedCodeCacheSize                    = 251658240                              {pd product} {ergonomic}
     bool SegmentedCodeCache                       = true                                      {product} {ergonomic}
   size_t SoftMaxHeapSize                          = 2147483648                             {manageable} {ergonomic}
     bool UseCompressedOops                        = true                           {product lp64_product} {ergonomic}
     bool UseLargePagesIndividualAllocation        = false                                  {pd product} {ergonomic}
     bool UseParallelGC                            = true                                      {product} {command line}

Logging:
Log output configuration:
 #0: stdout all=off uptime,level,tags foldmultilines=false
 #1: stderr all=off uptime,level,tags foldmultilines=false

Release file:
JAVA_VERSION="21.0.9" 
MODULES="java.base java.compiler java.datatransfer java.xml java.prefs java.desktop java.instrument java.logging java.management java.security.sasl java.naming java.rmi java.management.rmi java.net.http java.scripting java.security.jgss java.transaction.xa java.sql java.sql.rowset java.xml.crypto java.se java.smartcardio jdk.accessibility jdk.internal.jvmstat jdk.attach jdk.charsets jdk.internal.opt jdk.zipfs jdk.compiler jdk.crypto.ec jdk.crypto.cryptoki jdk.crypto.mscapi jdk.dynalink jdk.internal.ed jdk.editpad jdk.hotspot.agent jdk.httpserver jdk.internal.le jdk.internal.vm.ci jdk.internal.vm.compiler jdk.internal.vm.compiler.management jdk.jartool jdk.javadoc jdk.jcmd jdk.management jdk.management.agent jdk.jconsole jdk.jdeps jdk.jdwp.agent jdk.jdi jdk.jfr jdk.jshell jdk.jsobject jdk.jstatd jdk.localedata jdk.management.jfr jdk.naming.dns jdk.naming.rmi jdk.net jdk.nio.mapmode jdk.random jdk.sctp jdk.security.auth jdk.security.jgss jdk.unsupported jdk.unsupported.desktop jdk.xml.dom" 

Environment Variables:
JAVA_HOME=C:\Program Files\Java\jdk-17
PATH=C:\Program Files\Common Files\Oracle\Java\javapath;C:\WINDOWS.X64_213000_db_home\bin;C:\Users\Hp\OneDrive\Desktop\PL\WINDOWS.X64_213000_db_home\bin;C:\Users\Hp\Desktop\PL\bin;C:\Users\Hp\OneDrive\Desktop\PL\bin;C:\Program Files\Eclipse Adoptium\jdk-21.0.6.7-hotspot\bin;C:\WINDOWS;C:\WINDOWS\System32\Wbem;C:\WINDOWS\system32;C:\WINDOWS\System32\WindowsPowerShell\v1.0\;C:\WINDOWS\System32\OpenSSH\;C:\Program Files\CodeBlocks\MinGW\bin;C:\Program Files\Git\cmd;C:\Program Files (x86)\Microsoft SQL Server\160\Tools\Binn\;C:\Program Files\Microsoft SQL Server\160\Tools\Binn\;C:\Program Files\Microsoft SQL Server\Client SDK\ODBC\170\Tools\Binn\;C:\Program Files\Microsoft SQL Server\160\DTS\Binn\;C:\Program Files\Microsoft SQL Server\150\Tools\Binn\;C:\Program Files\MySQL\MySQL Server 8.0\bin;C:\Program Files\dotnet\;C:\Program Files\nodejs\;C:\Program Files\apache-maven-3.8.9-bin\apache-maven-3.8.9\bin;C:\Program Files\cursor\resources\app\bin;C:\Users\Hp\.cargo\bin;C:\Program Files\MySQL\MySQL Shell 8.0\bin\;C:\Users\Hp\AppData\Local\Microsoft\WindowsApps;C:\Users\Hp\AppData\Local\Programs\Microsoft VS Code\bin;C:\Users\Hp\.dotnet\tools;C:\Users\Hp\AppData\Roaming\npm
USERNAME=Hp
OS=Windows_NT
PROCESSOR_IDENTIFIER=AMD64 Family 23 Model 96 Stepping 1, AuthenticAMD
TMP=C:\Users\Hp\AppData\Local\Temp
TEMP=C:\Users\Hp\AppData\Local\Temp




Periodic native trim disabled

---------------  S Y S T E M  ---------------

OS:
 Windows 11 , 64 bit Build 26100 (10.0.26100.7705)
OS uptime: 10 days 1:17 hours
Hyper-V role detected

CPU: total 16 (initial active 16) (16 cores per cpu, 2 threads per core) family 23 model 96 stepping 1 microcode 0x8600109, cx8, cmov, fxsr, ht, mmx, 3dnowpref, sse, sse2, sse3, ssse3, sse4a, sse4.1, sse4.2, popcnt, lzcnt, tsc, tscinvbit, avx, avx2, aes, clmul, bmi1, bmi2, adx, sha, fma, vzeroupper, clflush, clflushopt, hv, rdtscp, rdpid, f16c
Processor Information for the first 16 processors :
  Max Mhz: 1700, Current Mhz: 1400, Mhz Limit: 1700

Memory: 4k page, system-wide physical 15697M (782M free)
TotalPageFile size 29319M (AvailPageFile size 198M)
current process WorkingSet (physical memory assigned to process): 111M, peak: 111M
current process commit charge ("private bytes"): 268M, peak: 268M

vm_info: OpenJDK 64-Bit Server VM (21.0.9+10-LTS) for windows-amd64 JRE (21.0.9+10-LTS), built on 2025-10-21T00:00:00Z by "admin" with unknown MS VC++:1942

END.
